sample.svs:
Magic: 0x4949 <little-endian> Version: 0x2a <ClassicTIFF>
Directory 0: offset 1275950 (0x13782e) next 1474362 (0x167f3a)
SubFileType (254) LONG (4) 1<0>
ImageWidth (256) SHORT (3) 1<2220>
ImageLength (257) SHORT (3) 1<2967>
BitsPerSample (258) SHORT (3) 3<8 8 8>
Compression (259) SHORT (3) 1<7>
Photometric (262) SHORT (3) 1<2>
ImageDescription (270) ASCII (2) 621<Aperio Image Library v11 ...>
SamplesPerPixel (277) SHORT (3) 1<3>
PlanarConfig (284) SHORT (3) 1<1>
TileWidth (322) SHORT (3) 1<240>
TileLength (323) SHORT (3) 1<240>
TileOffsets (324) LONG (4) 130<16 3700 6045 8301 15343 29663 34944 37182 39395 41594 43852 46212 48520 50936 58632 82839 99117 103359 105682 108011 110283 112558 114825 117087 ...>
TileByteCounts (325) LONG (4) 130<3684 2345 2256 7042 14320 5281 2238 2213 2199 2258 2360 2308 2416 7696 24207 16278 4242 2323 2329 2272 2275 2267 2262 4656 ...>
JPEGTables (347) UNDEFINED (7) 289<0xff 0xd8 0xff 0xdb 00 0x43 00 0x1b 0x12 0x14 0x17 0x14 0x11 0x1b 0x17 0x16 0x17 0x1e 0x1c 0x1b 0x20 0x28 0x42 0x2b ...>
YCbCrSubsampling (530) SHORT (3) 2<2 2>
ImageDepth (Silicon Graphics) (32997) LONG (4) 1<1>

Directory 1: offset 1474362 (0x167f3a) next 1850194 (0x1c3b52)
SubFileType (254) LONG (4) 1<0>
ImageWidth (256) SHORT (3) 1<574>
ImageLength (257) SHORT (3) 1<768>
BitsPerSample (258) SHORT (3) 3<8 8 8>
Compression (259) SHORT (3) 1<7>
Photometric (262) SHORT (3) 1<2>
ImageDescription (270) ASCII (2) 585<Aperio Image Library v11 ...>
StripOffsets (273) LONG (4) 48<1278105 1278690 1279865 1281895 1284682 1287309 1290162 1292677 1295173 1297675 1300583 1303816 1306801 1309994 1313366 1316559 1320080 1325191 1331859 1337124 1341461 1346086 1350870 1355801 ...>
SamplesPerPixel (277) SHORT (3) 1<3>
RowsPerStrip (278) SHORT (3) 1<16>
StripByteCounts (279) LONG (4) 48<585 1175 2030 2787 2627 2853 2515 2496 2502 2908 3233 2985 3193 3372 3193 3521 5111 6668 5265 4337 4625 4784 4931 4754 ...>
PlanarConfig (284) SHORT (3) 1<1>
JPEGTables (347) UNDEFINED (7) 289<0xff 0xd8 0xff 0xdb 00 0x43 00 0xa 0x7 0x7 0x8 0x7 0x6 0xa 0x8 0x8 0x8 0xb 0xa 0xa 0xb 0xe 0x18 0x10 ...>
YCbCrSubsampling (530) SHORT (3) 2<2 2>
ImageDepth (Silicon Graphics) (32997) LONG (4) 1<1>

Directory 2: offset 1850194 (0x1c3b52) next 1938212 (0x1d9324)
SubFileType (254) LONG (4) 1<1>
ImageWidth (256) SHORT (3) 1<387>
ImageLength (257) SHORT (3) 1<463>
BitsPerSample (258) SHORT (3) 3<8 8 8>
Compression (259) SHORT (3) 1<5>
Photometric (262) SHORT (3) 1<2>
ImageDescription (270) ASCII (2) 44<Aperio Image Library v11 ...>
StripOffsets (273) LONG (4) 67<1475813 1479396 1482727 1484708 1486975 1490347 1494599 1499300 1504307 1510647 1516837 1522939 1529122 1535437 1541814 1548134 1554647 1560946 1567382 1573899 1580379 1586803 1593165 1599502 ...>
SamplesPerPixel (277) SHORT (3) 1<3>
RowsPerStrip (278) SHORT (3) 1<7>
StripByteCounts (279) LONG (4) 67<3583 3331 1981 2267 3372 4252 4701 5007 6340 6190 6102 6183 6315 6377 6320 6513 6299 6436 6517 6480 6424 6362 6337 6417 ...>
PlanarConfig (284) SHORT (3) 1<1>
Predictor (317) SHORT (3) 1<2>
ImageDepth (Silicon Graphics) (32997) LONG (4) 1<1>

Directory 3: offset 1938212 (0x1d9324) next 0 (0)
SubFileType (254) LONG (4) 1<9>
ImageWidth (256) SHORT (3) 1<1280>
ImageLength (257) SHORT (3) 1<431>
BitsPerSample (258) SHORT (3) 3<8 8 8>
Compression (259) SHORT (3) 1<7>
Photometric (262) SHORT (3) 1<2>
ImageDescription (270) ASCII (2) 45<Aperio Image Library v11 ...>
StripOffsets (273) LONG (4) 27<1850954 1868576 1877189 1880159 1885843 1889284 1891767 1894182 1896491 1898797 1901075 1903195 1905655 1908054 1910257 1912571 1914948 1917110 1919358 1921346 1923138 1926094 1927647 1929136 ...>
SamplesPerPixel (277) SHORT (3) 1<3>
RowsPerStrip (278) SHORT (3) 1<16>
StripByteCounts (279) LONG (4) 27<17622 8613 2970 5684 3441 2483 2415 2309 2306 2278 2120 2460 2399 2203 2314 2377 2162 2248 1988 1792 2956 1553 1489 1589 ...>
PlanarConfig (284) SHORT (3) 1<1>
JPEGTables (347) UNDEFINED (7) 289<0xff 0xd8 0xff 0xdb 00 0x43 00 0x10 0xb 0xc 0xe 0xc 0xa 0x10 0xe 0xd 0xe 0x12 0x11 0x10 0x13 0x18 0x28 0x1a ...>
YCbCrSubsampling (530) SHORT (3) 2<2 2>
ImageDepth (Silicon Graphics) (32997) LONG (4) 1<1>
